
     Program WESTPP v. 6.0.0 git rev. v6.0.0 starts on 29Oct2024 at 17:19:20 

     This program is part of the open-source West suite
     for massively parallel calculations of excited states in materials; please cite
         "M. Govoni et al., J. Chem. Theory Comput. 11, 2680 (2015);
          URL https://west-code.org",
     in publications or presentations arising from this work.

     Based on the Quantum ESPRESSO v. 7.3

     I/O is Little Endian
 
     --------------------------------------------------------------------------------------------
     **MPI** Parallelization Status
     --------------------------------------------------------------------------------------------
                    64                   1             1             1            64
     --------------------------------------------------------------------------------------------
                     N         =         I      X      P      X      B      X      Z
                     ^                   ^             ^             ^             ^
                     |                   |             |             |             |
                   #rnk                  |             |             |             |
                                      #image           |             |             |
                                                     #pool           |             |
                                                                   #bgrp           |
                                                                                 #R&G
     --------------------------------------------------------------------------------------------
     #prc =           64
     --------------------------------------------------------------------------------------------

     --------------------------------------------------------------------------------------------
     I/O Summary : input_west
     --------------------------------------------------------------------------------------------
     qe_prefix : pwscf
     west_prefix : west
     outdir : ./
     --------------------------------------------------------------------------------------------

     Reading xml data from directory:

     ./pwscf.save/

     IMPORTANT: XC functional enforced from input :
     Exchange-correlation= PBE
                           (   1   4   3   4   0   0   0)
     Any further DFT definition will be discarded
     Please, verify this is what you really want

 
     Parallelization info
     --------------------
     sticks:   dense  smooth     PW     G-vecs:    dense   smooth      PW
     Min         116     116     27                33744    33744    4188
     Max         118     118     30                33822    33822    4254
     Sum        7523    7523   1885              2162177  2162177  270331
 
     Using Slab Decomposition
 
     Message from routine read_rhog:
     Conversion: K charge Gamma charge

     --------------------------------------------------------------------------------------------
     I/O Summary : wstat_control
     --------------------------------------------------------------------------------------------
     wstat_calculation : S
     n_pdep_eigen : 496
     n_pdep_times : 4
     n_pdep_maxiter : 100
     n_dfpt_maxiter : 250
     n_pdep_read_from_file : 0
     n_steps_write_restart : 1
     trev_pdep : 0.001
     trev_pdep_rel : 0.1
     tr2_dfpt : 1e-12
     l_kinetic_only : False
     l_minimize_exx_if_active : False
     n_exx_lowrank : 350
     l_use_ecutrho : False
     qlist : [1]
     --------------------------------------------------------------------------------------------

     --------------------------------------------------------------------------------------------
     I/O Summary : westpp_control
     --------------------------------------------------------------------------------------------
     westpp_calculation : L
     westpp_range : [1, 350]
     westpp_format : C
     westpp_sign : False
     westpp_n_pdep_eigen_to_use : 1
     westpp_r0 : [0.0, 0.0, 0.0]
     westpp_nr : 100
     westpp_rmax : 1.0
     westpp_epsinfty : 1.0
     westpp_box : [2.84, 12.28, 0, 10.39, 1.89, 11.33]
     westpp_n_liouville_to_use : 1
     westpp_l_spin_flip : False
     westpp_l_compute_tdm : False
     westpp_wannier_tr_rel : 1e-06
     westpp_l_dipole_realspace : False
     --------------------------------------------------------------------------------------------
 
     --------------------------------------------------------------------------------------------
     System Overview
     --------------------------------------------------------------------------------------------
     gamma_only           =              T
     ecutwfc [Ry]         =      90.000000
     ecutrho [Ry]         =     360.000000
     omega [au^3]         =   1.874191E+04
     nbnd                 =            350
     nkstot               =              1
     nspin                =              1
     nelec                =     496.000000
     npol                 =              1
     lsda                 =              F
     noncolin             =              F
     lspinorb             =              F
     --------------------------------------------------------------------------------------------

     3DFFT grid
        s : (  96, 108, 432)
        p : (  96, 108, 432)

     Direct Lattice Cell [a.u.]
        a1 = (    15.0542197     0.0000000     0.0000000)
        a2 = (     0.0000000    17.4101980     0.0000000)
        a3 = (     0.0000000     0.0000000    71.5075437)

     Reciprocal Lattice Cell [a.u.]
        b1 = (     0.4173704     0.0000000     0.0000000)
        b2 = (     0.0000000     0.3608911     0.0000000)
        b3 = (     0.0000000     0.0000000     0.0878674)
 

     Brillouin Zone sampling [cryst. coord.]
 
        k(000001) = (     0.0000000     0.0000000     0.0000000)
 
     --------------------------------------------------------------------------------------------
     Parallelization for westpp_range
     --------------------------------------------------------------------------------------------
     nglob                =            350
     nlevel               =              1
     Min nglob/nlevel     =            350
     Max nglob/nlevel     =            350
     --------------------------------------------------------------------------------------------
 
     --------------------------------------------------------------------------------------------
     (L)ocalization Factor
     --------------------------------------------------------------------------------------------
     in progress... |#                   | 005% :             < 00.1s (E)               01.2s (X)
     in progress... |##                  | 010% :             < 00.1s (E)               00.8s (X)
     in progress... |###                 | 015% :               00.1s (E)               00.7s (X)
     in progress... |####                | 020% :               00.1s (E)               00.7s (X)
     in progress... |#####               | 025% :               00.1s (E)               00.6s (X)
     in progress... |######              | 030% :               00.1s (E)               00.6s (X)
     in progress... |#######             | 035% :               00.2s (E)               00.6s (X)
     in progress... |########            | 040% :               00.2s (E)               00.6s (X)
     in progress... |#########           | 045% :               00.2s (E)               00.6s (X)
     in progress... |##########          | 050% :               00.2s (E)               00.5s (X)
     in progress... |###########         | 055% :               00.3s (E)               00.5s (X)
     in progress... |############        | 060% :               00.3s (E)               00.5s (X)
     in progress... |#############       | 065% :               00.3s (E)               00.5s (X)
     in progress... |##############      | 070% :               00.3s (E)               00.5s (X)
     in progress... |###############     | 075% :               00.4s (E)               00.5s (X)
     in progress... |################    | 080% :               00.4s (E)               00.5s (X)
     in progress... |#################   | 085% :               00.4s (E)               00.5s (X)
     in progress... |##################  | 090% :               00.4s (E)               00.5s (X)
     in progress... |################### | 095% :               00.5s (E)               00.5s (X)
     in progress... |####################| 100% :               00.5s (E)               00.5s (X)
     --------------------------------------------------------------------------------------------
     WESTPP       :      1.60s CPU     16.22s WALL

     west_readin  :      0.42s CPU      1.31s WALL (       1 calls)
     fetch_input  :      0.00s CPU      0.01s WALL (       2 calls)
     fft          :      0.02s CPU      0.03s WALL (       9 calls)
     fft_scatter  :      0.27s CPU      0.28s WALL (     359 calls)
     init_vloc    :      0.01s CPU      0.01s WALL (       2 calls)
     init_us_1    :      0.00s CPU      0.00s WALL (       2 calls)
     v_of_rho     :      0.03s CPU      0.04s WALL (       1 calls)
     v_xc         :      0.03s CPU      0.03s WALL (       1 calls)
     v_h          :      0.00s CPU      0.00s WALL (       1 calls)
     do_setup     :      0.64s CPU     14.34s WALL (       1 calls)
     init_pw_ar   :      0.64s CPU     14.34s WALL (       1 calls)
     hinit0       :      0.01s CPU      0.01s WALL (       1 calls)
     westpp       :      0.52s CPU      0.55s WALL (       1 calls)
     rscatter_gri :      0.01s CPU      0.02s WALL (       1 calls)
     fftw         :      0.44s CPU      0.45s WALL (     350 calls)
 
     WESTPP       :      1.60s CPU     16.22s WALL

 
   This run was terminated on:  17:19:36  29Oct2024            

=------------------------------------------------------------------------------=
   JOB DONE.
=------------------------------------------------------------------------------=
