
     Program WFREQ v. 6.0.0 git rev. v6.0.0 starts on  3Nov2024 at  5:39:57 

     This program is part of the open-source West suite
     for massively parallel calculations of excited states in materials; please cite
         "M. Govoni et al., J. Chem. Theory Comput. 11, 2680 (2015);
          URL https://west-code.org",
     in publications or presentations arising from this work.

     Based on the Quantum ESPRESSO v. 7.3

     I/O is Little Endian
 
     --------------------------------------------------------------------------------------------
     **MPI** Parallelization Status
     --------------------------------------------------------------------------------------------
                    64                  16             1             2             2
     --------------------------------------------------------------------------------------------
                     N         =         I      X      P      X      B      X      Z
                     ^                   ^             ^             ^             ^
                     |                   |             |             |             |
                   #rnk                  |             |             |             |
                                      #image           |             |             |
                                                     #pool           |             |
                                                                   #bgrp           |
                                                                                 #R&G
     --------------------------------------------------------------------------------------------
     #prc =           64
     --------------------------------------------------------------------------------------------

     --------------------------------------------------------------------------------------------
     I/O Summary : input_west
     --------------------------------------------------------------------------------------------
     qe_prefix : pwscf
     west_prefix : west
     outdir : ./
     --------------------------------------------------------------------------------------------

     Reading xml data from directory:

     ./pwscf.save/

     IMPORTANT: XC functional enforced from input :
     Exchange-correlation= PBE
                           (   1   4   3   4   0   0   0)
     Any further DFT definition will be discarded
     Please, verify this is what you really want

 
     Parallelization info
     --------------------
     sticks:   dense  smooth     PW     G-vecs:    dense   smooth      PW
     Min        3760    3760    941              1081084  1081084  135163
     Max        3763    3763    944              1081093  1081093  135168
     Sum        7523    7523   1885              2162177  2162177  270331
 
     Using Slab Decomposition
 
     Message from routine read_rhog:
     Conversion: K charge Gamma charge

     --------------------------------------------------------------------------------------------
     I/O Summary : wstat_control
     --------------------------------------------------------------------------------------------
     wstat_calculation : S
     n_pdep_eigen : 496
     n_pdep_times : 4
     n_pdep_maxiter : 100
     n_dfpt_maxiter : 250
     n_pdep_read_from_file : 0
     n_steps_write_restart : 1
     trev_pdep : 0.001
     trev_pdep_rel : 0.1
     tr2_dfpt : 1e-12
     l_kinetic_only : False
     l_minimize_exx_if_active : False
     n_exx_lowrank : 350
     l_use_ecutrho : False
     qlist : [1]
     --------------------------------------------------------------------------------------------

     --------------------------------------------------------------------------------------------
     I/O Summary : wfreq_control
     --------------------------------------------------------------------------------------------
     wfreq_calculation : XWGQH
     n_pdep_eigen_to_use : 64
     qp_bandrange : [1, 2]
     qp_bands : [[243, 244, 245, 248, 249, 250, 251, 253, 254, 255, 256, 257, 258]]
     macropol_calculation : C
     n_lanczos : 30
     n_imfreq : 128
     n_refreq : 300
     ecut_imfreq : 360.0
     ecut_refreq : 2.0
     wfreq_eta : 0.0036749308824745378
     n_secant_maxiter : 21
     trev_secant : 0.0036749308824745378
     l_enable_lanczos : True
     l_qdet_verbose : False
     l_enable_off_diagonal : True
     n_pdep_eigen_off_diagonal : 0
     o_restart_time : 0.0
     ecut_spectralf : [-2.0, 1.0]
     n_spectralf : 204
     --------------------------------------------------------------------------------------------
 
     --------------------------------------------------------------------------------------------
     System Overview
     --------------------------------------------------------------------------------------------
     gamma_only           =              T
     ecutwfc [Ry]         =      90.000000
     ecutrho [Ry]         =     360.000000
     omega [au^3]         =   1.874191E+04
     nbnd                 =            350
     nkstot               =              1
     nspin                =              1
     nelec                =     496.000000
     npol                 =              1
     lsda                 =              F
     noncolin             =              F
     lspinorb             =              F
     --------------------------------------------------------------------------------------------

     3DFFT grid
        s : (  96, 108, 432)
        p : (  96, 108, 432)

     Direct Lattice Cell [a.u.]
        a1 = (    15.0542197     0.0000000     0.0000000)
        a2 = (     0.0000000    17.4101980     0.0000000)
        a3 = (     0.0000000     0.0000000    71.5075437)

     Reciprocal Lattice Cell [a.u.]
        b1 = (     0.4173704     0.0000000     0.0000000)
        b2 = (     0.0000000     0.3608911     0.0000000)
        b3 = (     0.0000000     0.0000000     0.0878674)
 

     Brillouin Zone sampling [cryst. coord.]
 
        k(000001) = (     0.0000000     0.0000000     0.0000000)
 
     --------------------------------------------------------------------------------------------
     Parallelization for npdep
     --------------------------------------------------------------------------------------------
     nglob                =             64
     nlevel               =             16
     Min nglob/nlevel     =              4
     Max nglob/nlevel     =              4
     --------------------------------------------------------------------------------------------
 
     --------------------------------------------------------------------------------------------
     Parallelization for npdep+macro
     --------------------------------------------------------------------------------------------
     nglob                =             67
     nlevel               =             16
     Min nglob/nlevel     =              4
     Max nglob/nlevel     =              5
     --------------------------------------------------------------------------------------------
 
     --------------------------------------------------------------------------------------------
     Parallelization for n_imfreq
     --------------------------------------------------------------------------------------------
     nglob                =            128
     nlevel               =              2
     Min nglob/nlevel     =             64
     Max nglob/nlevel     =             64
     --------------------------------------------------------------------------------------------
 
     --------------------------------------------------------------------------------------------
     Parallelization for n_refreq
     --------------------------------------------------------------------------------------------
     nglob                =            300
     nlevel               =              2
     Min nglob/nlevel     =            150
     Max nglob/nlevel     =            150
     --------------------------------------------------------------------------------------------
 
     --------------------------------------------------------------------------------------------
     Parallelization for nbnd
     --------------------------------------------------------------------------------------------
     nglob                =            350
     nlevel               =             16
     Min nglob/nlevel     =             21
     Max nglob/nlevel     =             22
     --------------------------------------------------------------------------------------------

     [MEM] ----------------------------------------------------------
     [MEM] **Memory** analysis: QE
     [MEM] ----------------------------------------------------------
     [MEM] Allocated arrays           est. size (Mb)     dimensions
     [MEM] ----------------------------------------------------------
     [MEM] Kohn-Sham Wavefunctions     360.93 Mb     (  67582,  350)
     [MEM] NL pseudopotentials         515.61 Mb     (  67582,  500)
     [MEM] Each V/rho on FFT grid       34.17 Mb     (2239488)
     [MEM] Each G-vector array           4.12 Mb     ( 540547)
     [MEM] G-vector shells               1.74 Mb     ( 227588)
     [MEM] ----------------------------------------------------------
     [MEM] Total estimate              916.57 Mb
     [MEM] ----------------------------------------------------------
     [MEM]
     [MEM] ----------------------------------------------------------
     [MEM] **Memory** analysis: WFREQ temporary
     [MEM] ----------------------------------------------------------
     [MEM] Allocated arrays           est. size (Mb)     dimensions
     [MEM] ----------------------------------------------------------
     [MEM] dvpsi                         4.12 Mb     (  67582,    4)
     [MEM] pertg_all                     4.12 Mb     (  67582,    4)
     [MEM] Hr commutator workspace    1031.22 Mb     (  67582, 1000)
     [MEM] Lanczos workspace           123.75 Mb     (  67582,  120)
     [MEM] ----------------------------------------------------------
     [MEM] Total estimate             1163.22 Mb
     [MEM] ----------------------------------------------------------
 
 
     --------------------------------------------------------------------------------------------
     Hartree-Fock Exact E(X)change
     --------------------------------------------------------------------------------------------
 
     --------------------------------------------------------------------------------------------
     Vxc
     --------------------------------------------------------------------------------------------
     in progress... |####################| 100% :             < 00.1s (E)             < 00.1s (X)
     --------------------------------------------------------------------------------------------
 
     --------------------------------------------------------------------------------------------
     (X)-Sigma
     --------------------------------------------------------------------------------------------
     in progress... |#                   | 005% :               13.3s (E)           04m-26.1s (X)
     in progress... |##                  | 010% :               21.5s (E)           03m-35.4s (X)
     in progress... |###                 | 015% :               36.8s (E)           04m-05.7s (X)
     in progress... |####                | 020% :               45.0s (E)           03m-45.1s (X)
     in progress... |#####               | 025% :           01m-00.4s (E)           04m-01.6s (X)
     in progress... |######              | 030% :           01m-10.6s (E)           03m-55.6s (X)
     in progress... |#######             | 035% :           01m-24.0s (E)           04m-00.2s (X)
     in progress... |########            | 040% :           01m-34.2s (E)           03m-55.6s (X)
     in progress... |#########           | 045% :           01m-49.5s (E)           04m-03.5s (X)
     in progress... |##########          | 050% :           01m-57.7s (E)           03m-55.5s (X)
     in progress... |###########         | 055% :           02m-08.0s (E)           03m-52.8s (X)
     in progress... |############        | 060% :           02m-23.4s (E)           03m-59.1s (X)
     in progress... |#############       | 065% :           02m-33.6s (E)           03m-56.4s (X)
     in progress... |##############      | 070% :           02m-49.0s (E)           04m-01.5s (X)
     in progress... |###############     | 075% :           02m-57.2s (E)           03m-56.3s (X)
     in progress... |################    | 080% :           03m-12.6s (E)           04m-00.7s (X)
     in progress... |#################   | 085% :           03m-22.8s (E)           03m-58.5s (X)
     in progress... |##################  | 090% :           03m-31.7s (E)           03m-55.3s (X)
     in progress... |################### | 095% :           03m-37.7s (E)           03m-49.2s (X)
     in progress... |####################| 100% :           03m-42.4s (E)           03m-42.4s (X)
     --------------------------------------------------------------------------------------------
 
     --------------------------------------------------------------------------------------------
     (W)-Lanczos
     --------------------------------------------------------------------------------------------
       ** WARNING : MACROPOL not converged, ierr =        3
     in progress... |#                   | 005% :           45m-58.2s (E)       15h-19m-24.5s (X)
     in progress... |##                  | 010% :           50m-13.1s (E)       08h-22m-11.3s (X)
     in progress... |###                 | 015% :           55m-09.4s (E)       06h-07m-42.8s (X)
     in progress... |####                | 020% :           59m-24.4s (E)       04h-57m-02.3s (X)
     in progress... |#####               | 025% :       01h-03m-39.4s (E)       04h-14m-37.8s (X)
     in progress... |######              | 030% :       01h-08m-36.4s (E)       03h-48m-41.6s (X)
     in progress... |#######             | 035% :       01h-12m-50.2s (E)       03h-28m-06.4s (X)
     in progress... |########            | 040% :       01h-17m-05.0s (E)       03h-12m-42.6s (X)
     in progress... |#########           | 045% :       01h-22m-02.1s (E)       03h-02m-18.0s (X)
     in progress... |##########          | 050% :       01h-26m-16.8s (E)       02h-52m-33.6s (X)
     in progress... |###########         | 055% :       01h-30m-31.3s (E)       02h-44m-35.1s (X)
     in progress... |############        | 060% :       01h-35m-28.0s (E)       02h-39m-06.8s (X)
     in progress... |#############       | 065% :       01h-39m-42.2s (E)       02h-33m-23.4s (X)
     in progress... |##############      | 070% :       01h-43m-57.5s (E)       02h-28m-30.7s (X)
     in progress... |###############     | 075% :       01h-48m-54.5s (E)       02h-25m-12.7s (X)
     in progress... |################    | 080% :       01h-53m-09.8s (E)       02h-21m-27.3s (X)
     in progress... |#################   | 085% :       01h-57m-23.8s (E)       02h-18m-06.8s (X)
     in progress... |##################  | 090% :       02h-02m-20.0s (E)       02h-15m-55.6s (X)
     in progress... |################### | 095% :       02h-06m-34.1s (E)       02h-13m-13.8s (X)
     in progress... |####################| 100% :       02h-10m-48.6s (E)       02h-10m-48.6s (X)
     --------------------------------------------------------------------------------------------
 
     --------------------------------------------------------------------------------------------
     (W)-Lanczos
     --------------------------------------------------------------------------------------------

     [I/O] -------------------------------------------------------
     [I/O] RESTART read in < 00.1s
     [I/O] In location : ./west.wfreq.restart
     [I/O] -------------------------------------------------------
     in progress... |#                   | 005% :           09m-07.6s (E)       03h-02m-32.1s (X)
     in progress... |##                  | 010% :           09m-12.9s (E)       01h-32m-09.4s (X)
     in progress... |###                 | 015% :           09m-19.1s (E)       01h-02m-07.7s (X)
     in progress... |####                | 020% :           09m-24.4s (E)           47m-02.4s (X)
     in progress... |#####               | 025% :           09m-29.8s (E)           37m-59.3s (X)
     in progress... |######              | 030% :           09m-36.0s (E)           32m-00.1s (X)
     in progress... |#######             | 035% :           09m-41.3s (E)           27m-41.0s (X)
     in progress... |########            | 040% :           09m-46.7s (E)           24m-26.7s (X)
     in progress... |#########           | 045% :           09m-52.9s (E)           21m-57.6s (X)
     in progress... |##########          | 050% :           09m-58.2s (E)           19m-56.5s (X)
     in progress... |###########         | 055% :           10m-03.5s (E)           18m-17.3s (X)
     in progress... |############        | 060% :           10m-09.8s (E)           16m-56.3s (X)
     in progress... |#############       | 065% :           10m-15.1s (E)           15m-46.3s (X)
     in progress... |##############      | 070% :           10m-20.4s (E)           14m-46.4s (X)
     in progress... |###############     | 075% :           10m-26.7s (E)           13m-55.6s (X)
     in progress... |################    | 080% :           10m-32.0s (E)           13m-10.0s (X)
     in progress... |#################   | 085% :           10m-37.3s (E)           12m-29.8s (X)
     in progress... |##################  | 090% :           10m-43.5s (E)           11m-55.0s (X)
     in progress... |################### | 095% :           10m-48.9s (E)           11m-23.0s (X)
     in progress... |####################| 100% :           10m-54.2s (E)           10m-54.2s (X)
     --------------------------------------------------------------------------------------------
 
     --------------------------------------------------------------------------------------------
     (G)-Lanczos
     --------------------------------------------------------------------------------------------
     in progress... |#                   | 005% :               56.1s (E)           18m-42.7s (X)
     in progress... |##                  | 010% :           01m-24.7s (E)           14m-07.7s (X)
     in progress... |###                 | 015% :           01m-28.5s (E)           09m-50.5s (X)
     in progress... |####                | 020% :           01m-57.6s (E)           09m-48.3s (X)
     in progress... |#####               | 025% :           02m-01.9s (E)           08m-07.6s (X)
     in progress... |######              | 030% :           02m-04.5s (E)           06m-55.2s (X)
     in progress... |#######             | 035% :           02m-35.0s (E)           07m-23.1s (X)
     in progress... |########            | 040% :           02m-37.5s (E)           06m-33.9s (X)
     in progress... |#########           | 045% :           02m-41.7s (E)           05m-59.3s (X)
     in progress... |##########          | 050% :           02m-44.5s (E)           05m-29.1s (X)
     in progress... |###########         | 055% :           03m-13.5s (E)           05m-51.8s (X)
     in progress... |############        | 060% :           03m-17.2s (E)           05m-28.7s (X)
     in progress... |#############       | 065% :           03m-19.8s (E)           05m-07.5s (X)
     in progress... |##############      | 070% :           03m-23.9s (E)           04m-51.3s (X)
     in progress... |###############     | 075% :           03m-45.2s (E)           05m-00.2s (X)
     in progress... |################    | 080% :           03m-47.6s (E)           04m-44.5s (X)
     in progress... |#################   | 085% :           03m-49.3s (E)           04m-29.7s (X)
     in progress... |##################  | 090% :           03m-51.7s (E)           04m-17.5s (X)
     in progress... |################### | 095% :           03m-53.3s (E)           04m-05.6s (X)
     in progress... |####################| 100% :           03m-55.0s (E)           03m-55.0s (X)
     --------------------------------------------------------------------------------------------
 
     --------------------------------------------------------------------------------------------
     Collecting results from W and G
     --------------------------------------------------------------------------------------------
     in progress... |#                   | 005% :               00.2s (E)               05.7s (X)
     in progress... |##                  | 010% :               00.4s (E)               04.4s (X)
     in progress... |###                 | 015% :               00.6s (E)               04.2s (X)
     in progress... |####                | 020% :               00.8s (E)               04.0s (X)
     in progress... |#####               | 025% :               01.0s (E)               04.1s (X)
     in progress... |######              | 030% :               01.4s (E)               04.7s (X)
     in progress... |#######             | 035% :               01.8s (E)               05.2s (X)
     in progress... |########            | 040% :               01.9s (E)               04.9s (X)
     in progress... |#########           | 045% :               02.3s (E)               05.1s (X)
     in progress... |##########          | 050% :               02.4s (E)               04.9s (X)
     in progress... |###########         | 055% :               02.5s (E)               04.5s (X)
     in progress... |############        | 060% :               02.5s (E)               04.3s (X)
     in progress... |#############       | 065% :               02.6s (E)               04.0s (X)
     in progress... |##############      | 070% :               02.7s (E)               03.9s (X)
     in progress... |###############     | 075% :               02.7s (E)               03.7s (X)
     in progress... |################    | 080% :               02.8s (E)               03.5s (X)
     in progress... |#################   | 085% :               02.9s (E)               03.4s (X)
     in progress... |##################  | 090% :               03.0s (E)               03.3s (X)
     in progress... |################### | 095% :               03.1s (E)               03.2s (X)
     in progress... |####################| 100% :               03.1s (E)               03.1s (X)
     --------------------------------------------------------------------------------------------
 
     --------------------------------------------------------------------------------------------
     (Q)uasiparticle energies
     --------------------------------------------------------------------------------------------
 
     --------------------------------------------------------------------------------------------
     Sigma-C
     --------------------------------------------------------------------------------------------
     Integrating along the IM axis...
     --------------------------------------------------------------------------------------------
     in progress... |#                   | 005% :             < 00.1s (E)             < 00.1s (X)
     in progress... |##                  | 010% :             < 00.1s (E)             < 00.1s (X)
     in progress... |###                 | 015% :             < 00.1s (E)             < 00.1s (X)
     in progress... |####                | 020% :             < 00.1s (E)             < 00.1s (X)
     in progress... |#####               | 025% :             < 00.1s (E)             < 00.1s (X)
     in progress... |######              | 030% :             < 00.1s (E)             < 00.1s (X)
     in progress... |#######             | 035% :             < 00.1s (E)             < 00.1s (X)
     in progress... |########            | 040% :             < 00.1s (E)             < 00.1s (X)
     in progress... |#########           | 045% :             < 00.1s (E)             < 00.1s (X)
     in progress... |##########          | 050% :             < 00.1s (E)             < 00.1s (X)
     in progress... |###########         | 055% :             < 00.1s (E)             < 00.1s (X)
     in progress... |############        | 060% :             < 00.1s (E)             < 00.1s (X)
     in progress... |#############       | 065% :             < 00.1s (E)             < 00.1s (X)
     in progress... |##############      | 070% :             < 00.1s (E)             < 00.1s (X)
     in progress... |###############     | 075% :             < 00.1s (E)             < 00.1s (X)
     in progress... |################    | 080% :             < 00.1s (E)             < 00.1s (X)
     in progress... |#################   | 085% :             < 00.1s (E)             < 00.1s (X)
     in progress... |##################  | 090% :             < 00.1s (E)             < 00.1s (X)
     in progress... |################### | 095% :             < 00.1s (E)             < 00.1s (X)
     in progress... |####################| 100% :             < 00.1s (E)             < 00.1s (X)
     --------------------------------------------------------------------------------------------
     Residues along the RE axis...
     --------------------------------------------------------------------------------------------
     in progress... |#                   | 005% :             < 00.1s (E)             < 00.1s (X)
     in progress... |##                  | 010% :             < 00.1s (E)             < 00.1s (X)
     in progress... |###                 | 015% :             < 00.1s (E)             < 00.1s (X)
     in progress... |####                | 020% :             < 00.1s (E)             < 00.1s (X)
     in progress... |#####               | 025% :             < 00.1s (E)             < 00.1s (X)
     in progress... |######              | 030% :             < 00.1s (E)             < 00.1s (X)
     in progress... |#######             | 035% :             < 00.1s (E)             < 00.1s (X)
     in progress... |########            | 040% :             < 00.1s (E)             < 00.1s (X)
     in progress... |#########           | 045% :             < 00.1s (E)             < 00.1s (X)
     in progress... |##########          | 050% :             < 00.1s (E)             < 00.1s (X)
     in progress... |###########         | 055% :             < 00.1s (E)             < 00.1s (X)
     in progress... |############        | 060% :             < 00.1s (E)             < 00.1s (X)
     in progress... |#############       | 065% :             < 00.1s (E)             < 00.1s (X)
     in progress... |##############      | 070% :             < 00.1s (E)             < 00.1s (X)
     in progress... |###############     | 075% :             < 00.1s (E)             < 00.1s (X)
     in progress... |################    | 080% :             < 00.1s (E)             < 00.1s (X)
     in progress... |#################   | 085% :             < 00.1s (E)             < 00.1s (X)
     in progress... |##################  | 090% :             < 00.1s (E)             < 00.1s (X)
     in progress... |################### | 095% :             < 00.1s (E)             < 00.1s (X)
     in progress... |####################| 100% :             < 00.1s (E)             < 00.1s (X)
     --------------------------------------------------------------------------------------------
 
     --------------------------------------------------------------------------------------------
     Sigma-C
     --------------------------------------------------------------------------------------------
     Integrating along the IM axis...
     --------------------------------------------------------------------------------------------
     in progress... |#                   | 005% :             < 00.1s (E)             < 00.1s (X)
     in progress... |##                  | 010% :             < 00.1s (E)             < 00.1s (X)
     in progress... |###                 | 015% :             < 00.1s (E)             < 00.1s (X)
     in progress... |####                | 020% :             < 00.1s (E)             < 00.1s (X)
     in progress... |#####               | 025% :             < 00.1s (E)             < 00.1s (X)
     in progress... |######              | 030% :             < 00.1s (E)             < 00.1s (X)
     in progress... |#######             | 035% :             < 00.1s (E)             < 00.1s (X)
     in progress... |########            | 040% :             < 00.1s (E)             < 00.1s (X)
     in progress... |#########           | 045% :             < 00.1s (E)             < 00.1s (X)
     in progress... |##########          | 050% :             < 00.1s (E)             < 00.1s (X)
     in progress... |###########         | 055% :             < 00.1s (E)             < 00.1s (X)
     in progress... |############        | 060% :             < 00.1s (E)             < 00.1s (X)
     in progress... |#############       | 065% :             < 00.1s (E)             < 00.1s (X)
     in progress... |##############      | 070% :             < 00.1s (E)             < 00.1s (X)
     in progress... |###############     | 075% :             < 00.1s (E)             < 00.1s (X)
     in progress... |################    | 080% :             < 00.1s (E)             < 00.1s (X)
     in progress... |#################   | 085% :             < 00.1s (E)             < 00.1s (X)
     in progress... |##################  | 090% :             < 00.1s (E)             < 00.1s (X)
     in progress... |################### | 095% :             < 00.1s (E)             < 00.1s (X)
     in progress... |####################| 100% :             < 00.1s (E)             < 00.1s (X)
     --------------------------------------------------------------------------------------------
     Residues along the RE axis...
     --------------------------------------------------------------------------------------------
     in progress... |#                   | 005% :             < 00.1s (E)             < 00.1s (X)
     in progress... |##                  | 010% :             < 00.1s (E)             < 00.1s (X)
     in progress... |###                 | 015% :             < 00.1s (E)             < 00.1s (X)
     in progress... |####                | 020% :             < 00.1s (E)             < 00.1s (X)
     in progress... |#####               | 025% :             < 00.1s (E)             < 00.1s (X)
     in progress... |######              | 030% :             < 00.1s (E)             < 00.1s (X)
     in progress... |#######             | 035% :             < 00.1s (E)             < 00.1s (X)
     in progress... |########            | 040% :             < 00.1s (E)             < 00.1s (X)
     in progress... |#########           | 045% :             < 00.1s (E)             < 00.1s (X)
     in progress... |##########          | 050% :             < 00.1s (E)             < 00.1s (X)
     in progress... |###########         | 055% :             < 00.1s (E)             < 00.1s (X)
     in progress... |############        | 060% :             < 00.1s (E)             < 00.1s (X)
     in progress... |#############       | 065% :             < 00.1s (E)             < 00.1s (X)
     in progress... |##############      | 070% :             < 00.1s (E)             < 00.1s (X)
     in progress... |###############     | 075% :             < 00.1s (E)             < 00.1s (X)
     in progress... |################    | 080% :             < 00.1s (E)             < 00.1s (X)
     in progress... |#################   | 085% :             < 00.1s (E)             < 00.1s (X)
     in progress... |##################  | 090% :             < 00.1s (E)             < 00.1s (X)
     in progress... |################### | 095% :             < 00.1s (E)             < 00.1s (X)
     in progress... |####################| 100% :             < 00.1s (E)             < 00.1s (X)
     --------------------------------------------------------------------------------------------
 
     --------------------------------------------------------------------------------------------
     Iter: 000000
     k(000001) = (   0.0000000   0.0000000   0.0000000) cryst. coord.
     band      QP en. [eV] conv
     000243       0.598599   no
     000244       0.539588   no
     000245       0.576329   no
     000248       0.795323   no
     000249       1.205820   no
     000250       1.251187   no
     000251       0.859062   no
     000253       1.032283   no
     000254       1.140387   no
     000255       1.125255   no
     000256       1.149545   no
     000257       1.125051   no
     000258       1.230999   no
     --------------------------------------------------------------------------------------------
 
     --------------------------------------------------------------------------------------------
     Sigma-C
     --------------------------------------------------------------------------------------------
     Integrating along the IM axis...
     --------------------------------------------------------------------------------------------
     in progress... |#                   | 005% :             < 00.1s (E)             < 00.1s (X)
     in progress... |##                  | 010% :             < 00.1s (E)             < 00.1s (X)
     in progress... |###                 | 015% :             < 00.1s (E)             < 00.1s (X)
     in progress... |####                | 020% :             < 00.1s (E)             < 00.1s (X)
     in progress... |#####               | 025% :             < 00.1s (E)             < 00.1s (X)
     in progress... |######              | 030% :             < 00.1s (E)             < 00.1s (X)
     in progress... |#######             | 035% :             < 00.1s (E)             < 00.1s (X)
     in progress... |########            | 040% :             < 00.1s (E)             < 00.1s (X)
     in progress... |#########           | 045% :             < 00.1s (E)             < 00.1s (X)
     in progress... |##########          | 050% :             < 00.1s (E)             < 00.1s (X)
     in progress... |###########         | 055% :             < 00.1s (E)             < 00.1s (X)
     in progress... |############        | 060% :             < 00.1s (E)             < 00.1s (X)
     in progress... |#############       | 065% :             < 00.1s (E)             < 00.1s (X)
     in progress... |##############      | 070% :             < 00.1s (E)             < 00.1s (X)
     in progress... |###############     | 075% :             < 00.1s (E)             < 00.1s (X)
     in progress... |################    | 080% :             < 00.1s (E)             < 00.1s (X)
     in progress... |#################   | 085% :             < 00.1s (E)             < 00.1s (X)
     in progress... |##################  | 090% :             < 00.1s (E)             < 00.1s (X)
     in progress... |################### | 095% :             < 00.1s (E)             < 00.1s (X)
     in progress... |####################| 100% :             < 00.1s (E)             < 00.1s (X)
     --------------------------------------------------------------------------------------------
     Residues along the RE axis...
     --------------------------------------------------------------------------------------------
     in progress... |#                   | 005% :             < 00.1s (E)             < 00.1s (X)
     in progress... |##                  | 010% :             < 00.1s (E)             < 00.1s (X)
     in progress... |###                 | 015% :             < 00.1s (E)             < 00.1s (X)
     in progress... |####                | 020% :             < 00.1s (E)             < 00.1s (X)
     in progress... |#####               | 025% :             < 00.1s (E)             < 00.1s (X)
     in progress... |######              | 030% :             < 00.1s (E)             < 00.1s (X)
     in progress... |#######             | 035% :             < 00.1s (E)             < 00.1s (X)
     in progress... |########            | 040% :             < 00.1s (E)             < 00.1s (X)
     in progress... |#########           | 045% :             < 00.1s (E)             < 00.1s (X)
     in progress... |##########          | 050% :             < 00.1s (E)             < 00.1s (X)
     in progress... |###########         | 055% :             < 00.1s (E)             < 00.1s (X)
     in progress... |############        | 060% :             < 00.1s (E)             < 00.1s (X)
     in progress... |#############       | 065% :             < 00.1s (E)             < 00.1s (X)
     in progress... |##############      | 070% :             < 00.1s (E)             < 00.1s (X)
     in progress... |###############     | 075% :             < 00.1s (E)             < 00.1s (X)
     in progress... |################    | 080% :             < 00.1s (E)             < 00.1s (X)
     in progress... |#################   | 085% :             < 00.1s (E)             < 00.1s (X)
     in progress... |##################  | 090% :             < 00.1s (E)             < 00.1s (X)
     in progress... |################### | 095% :             < 00.1s (E)             < 00.1s (X)
     in progress... |####################| 100% :             < 00.1s (E)             < 00.1s (X)
     --------------------------------------------------------------------------------------------
 
     --------------------------------------------------------------------------------------------
     Iter: 000001
     k(000001) = (   0.0000000   0.0000000   0.0000000) cryst. coord.
     band      QP en. [eV] conv
     000243       0.648112  yes
     000244       0.562227  yes
     000245       0.605965  yes
     000248       0.829413  yes
     000249       0.966988   no
     000250       0.962436   no
     000251       0.918722   no
     000253       1.040024  yes
     000254       1.191065   no
     000255       1.131877  yes
     000256       1.163678  yes
     000257       1.148708  yes
     000258       1.231975  yes
     --------------------------------------------------------------------------------------------
 
     --------------------------------------------------------------------------------------------
     Sigma-C
     --------------------------------------------------------------------------------------------
     Integrating along the IM axis...
     --------------------------------------------------------------------------------------------
     in progress... |#                   | 005% :             < 00.1s (E)             < 00.1s (X)
     in progress... |##                  | 010% :             < 00.1s (E)             < 00.1s (X)
     in progress... |###                 | 015% :             < 00.1s (E)             < 00.1s (X)
     in progress... |####                | 020% :             < 00.1s (E)             < 00.1s (X)
     in progress... |#####               | 025% :             < 00.1s (E)             < 00.1s (X)
     in progress... |######              | 030% :             < 00.1s (E)             < 00.1s (X)
     in progress... |#######             | 035% :             < 00.1s (E)             < 00.1s (X)
     in progress... |########            | 040% :             < 00.1s (E)             < 00.1s (X)
     in progress... |#########           | 045% :             < 00.1s (E)             < 00.1s (X)
     in progress... |##########          | 050% :             < 00.1s (E)             < 00.1s (X)
     in progress... |###########         | 055% :             < 00.1s (E)             < 00.1s (X)
     in progress... |############        | 060% :             < 00.1s (E)             < 00.1s (X)
     in progress... |#############       | 065% :             < 00.1s (E)             < 00.1s (X)
     in progress... |##############      | 070% :             < 00.1s (E)             < 00.1s (X)
     in progress... |###############     | 075% :             < 00.1s (E)             < 00.1s (X)
     in progress... |################    | 080% :             < 00.1s (E)             < 00.1s (X)
     in progress... |#################   | 085% :             < 00.1s (E)             < 00.1s (X)
     in progress... |##################  | 090% :             < 00.1s (E)             < 00.1s (X)
     in progress... |################### | 095% :             < 00.1s (E)             < 00.1s (X)
     in progress... |####################| 100% :             < 00.1s (E)             < 00.1s (X)
     --------------------------------------------------------------------------------------------
     Residues along the RE axis...
     --------------------------------------------------------------------------------------------
     in progress... |#                   | 005% :             < 00.1s (E)             < 00.1s (X)
     in progress... |##                  | 010% :             < 00.1s (E)             < 00.1s (X)
     in progress... |###                 | 015% :             < 00.1s (E)             < 00.1s (X)
     in progress... |####                | 020% :             < 00.1s (E)             < 00.1s (X)
     in progress... |#####               | 025% :             < 00.1s (E)             < 00.1s (X)
     in progress... |######              | 030% :             < 00.1s (E)             < 00.1s (X)
     in progress... |#######             | 035% :             < 00.1s (E)             < 00.1s (X)
     in progress... |########            | 040% :             < 00.1s (E)             < 00.1s (X)
     in progress... |#########           | 045% :             < 00.1s (E)             < 00.1s (X)
     in progress... |##########          | 050% :             < 00.1s (E)             < 00.1s (X)
     in progress... |###########         | 055% :             < 00.1s (E)             < 00.1s (X)
     in progress... |############        | 060% :             < 00.1s (E)             < 00.1s (X)
     in progress... |#############       | 065% :             < 00.1s (E)             < 00.1s (X)
     in progress... |##############      | 070% :             < 00.1s (E)             < 00.1s (X)
     in progress... |###############     | 075% :             < 00.1s (E)             < 00.1s (X)
     in progress... |################    | 080% :             < 00.1s (E)             < 00.1s (X)
     in progress... |#################   | 085% :             < 00.1s (E)             < 00.1s (X)
     in progress... |##################  | 090% :             < 00.1s (E)             < 00.1s (X)
     in progress... |################### | 095% :             < 00.1s (E)             < 00.1s (X)
     in progress... |####################| 100% :             < 00.1s (E)             < 00.1s (X)
     --------------------------------------------------------------------------------------------
 
     --------------------------------------------------------------------------------------------
     CONVERGENCE ACHIEVED !!!
     --------------------------------------------------------------------------------------------
 
     --------------------------------------------------------------------------------------------
     k(000001) = (   0.0000000   0.0000000   0.0000000) cryst. coord.
     band      QP en. [eV] conv
     000243       0.648112  yes
     000244       0.562227  yes
     000245       0.605965  yes
     000248       0.829413  yes
     000249       0.999232  yes
     000250       0.980076  yes
     000251       0.906632  yes
     000253       1.040024  yes
     000254       1.179163  yes
     000255       1.131877  yes
     000256       1.163678  yes
     000257       1.148708  yes
     000258       1.231975  yes
     --------------------------------------------------------------------------------------------
 
     --------------------------------------------------------------------------------------------
     Sigma-C
     --------------------------------------------------------------------------------------------
     Integrating along the IM axis...
     --------------------------------------------------------------------------------------------
     in progress... |#                   | 005% :             < 00.1s (E)             < 00.1s (X)
     in progress... |##                  | 010% :             < 00.1s (E)             < 00.1s (X)
     in progress... |###                 | 015% :             < 00.1s (E)             < 00.1s (X)
     in progress... |####                | 020% :             < 00.1s (E)             < 00.1s (X)
     in progress... |#####               | 025% :             < 00.1s (E)             < 00.1s (X)
     in progress... |######              | 030% :             < 00.1s (E)             < 00.1s (X)
     in progress... |#######             | 035% :             < 00.1s (E)             < 00.1s (X)
     in progress... |########            | 040% :             < 00.1s (E)             < 00.1s (X)
     in progress... |#########           | 045% :             < 00.1s (E)             < 00.1s (X)
     in progress... |##########          | 050% :             < 00.1s (E)             < 00.1s (X)
     in progress... |###########         | 055% :             < 00.1s (E)             < 00.1s (X)
     in progress... |############        | 060% :             < 00.1s (E)             < 00.1s (X)
     in progress... |#############       | 065% :             < 00.1s (E)             < 00.1s (X)
     in progress... |##############      | 070% :             < 00.1s (E)             < 00.1s (X)
     in progress... |###############     | 075% :             < 00.1s (E)             < 00.1s (X)
     in progress... |################    | 080% :             < 00.1s (E)             < 00.1s (X)
     in progress... |#################   | 085% :             < 00.1s (E)             < 00.1s (X)
     in progress... |##################  | 090% :             < 00.1s (E)             < 00.1s (X)
     in progress... |################### | 095% :             < 00.1s (E)             < 00.1s (X)
     in progress... |####################| 100% :             < 00.1s (E)             < 00.1s (X)
     --------------------------------------------------------------------------------------------
     Residues along the RE axis...
     --------------------------------------------------------------------------------------------
     in progress... |#                   | 005% :             < 00.1s (E)             < 00.1s (X)
     in progress... |##                  | 010% :             < 00.1s (E)             < 00.1s (X)
     in progress... |###                 | 015% :             < 00.1s (E)             < 00.1s (X)
     in progress... |####                | 020% :             < 00.1s (E)             < 00.1s (X)
     in progress... |#####               | 025% :             < 00.1s (E)             < 00.1s (X)
     in progress... |######              | 030% :             < 00.1s (E)             < 00.1s (X)
     in progress... |#######             | 035% :             < 00.1s (E)             < 00.1s (X)
     in progress... |########            | 040% :             < 00.1s (E)             < 00.1s (X)
     in progress... |#########           | 045% :             < 00.1s (E)             < 00.1s (X)
     in progress... |##########          | 050% :             < 00.1s (E)             < 00.1s (X)
     in progress... |###########         | 055% :             < 00.1s (E)             < 00.1s (X)
     in progress... |############        | 060% :             < 00.1s (E)             < 00.1s (X)
     in progress... |#############       | 065% :             < 00.1s (E)             < 00.1s (X)
     in progress... |##############      | 070% :             < 00.1s (E)             < 00.1s (X)
     in progress... |###############     | 075% :             < 00.1s (E)             < 00.1s (X)
     in progress... |################    | 080% :             < 00.1s (E)             < 00.1s (X)
     in progress... |#################   | 085% :             < 00.1s (E)             < 00.1s (X)
     in progress... |##################  | 090% :             < 00.1s (E)             < 00.1s (X)
     in progress... |################### | 095% :             < 00.1s (E)             < 00.1s (X)
     in progress... |####################| 100% :             < 00.1s (E)             < 00.1s (X)
     --------------------------------------------------------------------------------------------
 
     --------------------------------------------------------------------------------------------
     SAVE written in < 00.1s
     In location : ./west.wfreq.save
     --------------------------------------------------------------------------------------------
 
     --------------------------------------------------------------------------------------------
     ERI
     --------------------------------------------------------------------------------------------
 
     --------------------------------------------------------------------------------------------
     Braket
     --------------------------------------------------------------------------------------------
     in progress... |#####               | 025% :               05.5s (E)               22.0s (X)
     in progress... |##########          | 050% :               10.8s (E)               21.6s (X)
     in progress... |###############     | 075% :               16.5s (E)               22.0s (X)
     in progress... |####################| 100% :               22.0s (E)               22.0s (X)
     --------------------------------------------------------------------------------------------
 
     --------------------------------------------------------------------------------------------
     Wp integrals (PDEP)
     --------------------------------------------------------------------------------------------
     in progress... |####################| 100% :             < 00.1s (E)             < 00.1s (X)
     --------------------------------------------------------------------------------------------
 
     --------------------------------------------------------------------------------------------
     Pair density
     --------------------------------------------------------------------------------------------
     in progress... |###                 | 015% :               17.4s (E)           01m-56.4s (X)
     in progress... |######              | 030% :               31.8s (E)           01m-46.0s (X)
     in progress... |##########          | 050% :               43.1s (E)           01m-26.2s (X)
     in progress... |#############       | 065% :               51.3s (E)           01m-19.0s (X)
     in progress... |################    | 080% :               56.5s (E)           01m-10.6s (X)
     in progress... |####################| 100% :               58.1s (E)               58.1s (X)
     --------------------------------------------------------------------------------------------
 
     --------------------------------------------------------------------------------------------
     SAVE written in < 00.1s
     In location : ./west.wfreq.save
     --------------------------------------------------------------------------------------------
     --------------------------------------------------------------------------------------------
 
     --------------------------------------------------------------------------------------------
     h1e
     --------------------------------------------------------------------------------------------
 
     --------------------------------------------------------------------------------------------
     (X)-Sigma
     --------------------------------------------------------------------------------------------
     in progress... |#                   | 005% :               00.3s (E)               06.5s (X)
     in progress... |##                  | 010% :               00.5s (E)               05.0s (X)
     in progress... |###                 | 015% :               00.7s (E)               05.2s (X)
     in progress... |####                | 020% :               00.9s (E)               04.8s (X)
     in progress... |#####               | 025% :               01.2s (E)               04.9s (X)
     in progress... |######              | 030% :               01.4s (E)               04.7s (X)
     in progress... |#######             | 035% :               01.6s (E)               04.8s (X)
     in progress... |########            | 040% :               01.8s (E)               04.6s (X)
     in progress... |#########           | 045% :               02.0s (E)               04.6s (X)
     in progress... |##########          | 050% :               02.1s (E)               04.3s (X)
     in progress... |###########         | 055% :               02.4s (E)               04.3s (X)
     in progress... |############        | 060% :               02.7s (E)               04.5s (X)
     in progress... |#############       | 065% :               02.8s (E)               04.4s (X)
     in progress... |##############      | 070% :               03.1s (E)               04.5s (X)
     in progress... |###############     | 075% :               03.3s (E)               04.4s (X)
     in progress... |################    | 080% :               03.6s (E)               04.5s (X)
     in progress... |#################   | 085% :               03.8s (E)               04.4s (X)
     in progress... |##################  | 090% :               04.0s (E)               04.4s (X)
     in progress... |################### | 095% :               04.1s (E)               04.3s (X)
     in progress... |####################| 100% :               04.2s (E)               04.2s (X)
     --------------------------------------------------------------------------------------------
 
     --------------------------------------------------------------------------------------------
     Collecting results from W and G
     --------------------------------------------------------------------------------------------
     in progress... |#                   | 005% :             < 00.1s (E)               01.6s (X)
     in progress... |##                  | 010% :               00.1s (E)               01.0s (X)
     in progress... |###                 | 015% :               00.1s (E)               00.7s (X)
     in progress... |####                | 020% :               00.1s (E)               00.5s (X)
     in progress... |#####               | 025% :               00.1s (E)               00.4s (X)
     in progress... |######              | 030% :               00.1s (E)               00.4s (X)
     in progress... |#######             | 035% :               00.1s (E)               00.3s (X)
     in progress... |########            | 040% :               00.1s (E)               00.3s (X)
     in progress... |#########           | 045% :               00.1s (E)               00.3s (X)
     in progress... |##########          | 050% :               00.1s (E)               00.3s (X)
     in progress... |###########         | 055% :               00.1s (E)               00.2s (X)
     in progress... |############        | 060% :               00.1s (E)               00.2s (X)
     in progress... |#############       | 065% :               00.1s (E)               00.2s (X)
     in progress... |##############      | 070% :               00.1s (E)               00.2s (X)
     in progress... |###############     | 075% :               00.1s (E)               00.2s (X)
     in progress... |################    | 080% :               00.2s (E)               00.2s (X)
     in progress... |#################   | 085% :               00.2s (E)               00.2s (X)
     in progress... |##################  | 090% :               00.2s (E)               00.2s (X)
     in progress... |################### | 095% :               00.2s (E)               00.2s (X)
     in progress... |####################| 100% :               00.2s (E)               00.2s (X)
     --------------------------------------------------------------------------------------------
 
     --------------------------------------------------------------------------------------------
     Sigma-C
     --------------------------------------------------------------------------------------------
     Integrating along the IM axis...
     --------------------------------------------------------------------------------------------
     in progress... |#                   | 005% :             < 00.1s (E)             < 00.1s (X)
     in progress... |##                  | 010% :             < 00.1s (E)             < 00.1s (X)
     in progress... |###                 | 015% :             < 00.1s (E)             < 00.1s (X)
     in progress... |####                | 020% :             < 00.1s (E)             < 00.1s (X)
     in progress... |#####               | 025% :             < 00.1s (E)             < 00.1s (X)
     in progress... |######              | 030% :             < 00.1s (E)             < 00.1s (X)
     in progress... |#######             | 035% :             < 00.1s (E)             < 00.1s (X)
     in progress... |########            | 040% :             < 00.1s (E)             < 00.1s (X)
     in progress... |#########           | 045% :             < 00.1s (E)             < 00.1s (X)
     in progress... |##########          | 050% :             < 00.1s (E)             < 00.1s (X)
     in progress... |###########         | 055% :             < 00.1s (E)             < 00.1s (X)
     in progress... |############        | 060% :             < 00.1s (E)             < 00.1s (X)
     in progress... |#############       | 065% :             < 00.1s (E)             < 00.1s (X)
     in progress... |##############      | 070% :             < 00.1s (E)             < 00.1s (X)
     in progress... |###############     | 075% :             < 00.1s (E)             < 00.1s (X)
     in progress... |################    | 080% :             < 00.1s (E)             < 00.1s (X)
     in progress... |#################   | 085% :             < 00.1s (E)             < 00.1s (X)
     in progress... |##################  | 090% :             < 00.1s (E)             < 00.1s (X)
     in progress... |################### | 095% :             < 00.1s (E)             < 00.1s (X)
     in progress... |####################| 100% :             < 00.1s (E)             < 00.1s (X)
     --------------------------------------------------------------------------------------------
     Residues along the RE axis...
     --------------------------------------------------------------------------------------------
     in progress... |#                   | 005% :             < 00.1s (E)             < 00.1s (X)
     in progress... |##                  | 010% :             < 00.1s (E)             < 00.1s (X)
     in progress... |###                 | 015% :             < 00.1s (E)             < 00.1s (X)
     in progress... |####                | 020% :             < 00.1s (E)             < 00.1s (X)
     in progress... |#####               | 025% :             < 00.1s (E)             < 00.1s (X)
     in progress... |######              | 030% :             < 00.1s (E)             < 00.1s (X)
     in progress... |#######             | 035% :             < 00.1s (E)             < 00.1s (X)
     in progress... |########            | 040% :             < 00.1s (E)             < 00.1s (X)
     in progress... |#########           | 045% :             < 00.1s (E)             < 00.1s (X)
     in progress... |##########          | 050% :             < 00.1s (E)             < 00.1s (X)
     in progress... |###########         | 055% :             < 00.1s (E)             < 00.1s (X)
     in progress... |############        | 060% :             < 00.1s (E)             < 00.1s (X)
     in progress... |#############       | 065% :             < 00.1s (E)             < 00.1s (X)
     in progress... |##############      | 070% :             < 00.1s (E)             < 00.1s (X)
     in progress... |###############     | 075% :             < 00.1s (E)             < 00.1s (X)
     in progress... |################    | 080% :             < 00.1s (E)             < 00.1s (X)
     in progress... |#################   | 085% :             < 00.1s (E)             < 00.1s (X)
     in progress... |##################  | 090% :             < 00.1s (E)             < 00.1s (X)
     in progress... |################### | 095% :             < 00.1s (E)             < 00.1s (X)
     in progress... |####################| 100% :             < 00.1s (E)             < 00.1s (X)
     --------------------------------------------------------------------------------------------
 
     --------------------------------------------------------------------------------------------
     SAVE written in 00.1s
     In location : ./west.wfreq.save
     --------------------------------------------------------------------------------------------
     WFREQ        :      2h25m CPU      2h31m WALL

     west_readin  :      2.29s CPU      6.75s WALL (       1 calls)
     fetch_input  :      0.14s CPU      0.17s WALL (       2 calls)
     fft          :      1.25s CPU      1.47s WALL (      14 calls)
     fft_scatter  :    486.05s CPU    628.20s WALL (   35743 calls)
     init_vloc    :      0.07s CPU      0.07s WALL (       2 calls)
     init_us_1    :      0.02s CPU      0.02s WALL (       2 calls)
     v_of_rho     :      1.17s CPU      1.39s WALL (       1 calls)
     v_xc         :      1.97s CPU      2.56s WALL (       2 calls)
     v_h          :      0.11s CPU      0.14s WALL (       1 calls)
     do_setup     :      1.70s CPU     10.06s WALL (       1 calls)
     init_pw_ar   :      1.70s CPU     10.05s WALL (       1 calls)
     hinit0       :      0.47s CPU      0.49s WALL (       1 calls)
     solve_hf     :    194.60s CPU    232.66s WALL (       1 calls)
     sigmavxc     :      0.05s CPU      0.08s WALL (       1 calls)
     fftw         :   1227.24s CPU   1419.09s WALL (   33967 calls)
     sigmax       :    189.08s CPU    226.71s WALL (       2 calls)
     sqvc_init    :      3.00s CPU      3.02s WALL (     103 calls)
     ffts         :    136.28s CPU    175.79s WALL (    1762 calls)
     write_hf     :      0.00s CPU      0.22s WALL (       1 calls)
     wlanczos     :   8218.73s CPU   8503.51s WALL (       2 calls)
     pdep_read    :      0.02s CPU      2.24s WALL (      16 calls)
     init_us_2    :      0.47s CPU      0.63s WALL (       3 calls)
     init_us_2:cp :      0.47s CPU      0.63s WALL (       3 calls)
     commut_Hx_ps :    188.36s CPU    267.23s WALL (      96 calls)
     calbec       :   1342.40s CPU   1354.77s WALL (    5708 calls)
     alphapc      :   1988.42s CPU   1989.64s WALL (    4489 calls)
     linstern     :   2083.04s CPU   2143.80s WALL (      32 calls)
     stern        :   2064.14s CPU   2124.75s WALL (    1496 calls)
     h_psi        :   4316.37s CPU   4502.27s WALL (    5516 calls)
     h_psi:pot    :   4309.49s CPU   4495.33s WALL (    5516 calls)
     vloc_psi     :   1375.78s CPU   1546.23s WALL (    5516 calls)
     h_psi:calbec :   1318.40s CPU   1330.16s WALL (    5516 calls)
     add_vuspsi   :   1615.20s CPU   1618.90s WALL (    5516 calls)
     alphapv      :    556.51s CPU    557.28s WALL (    1496 calls)
     lan_H        :   5108.20s CPU   5237.86s WALL (     134 calls)
     brak         :    183.59s CPU    187.36s WALL (     176 calls)
     sw_restart   :      0.02s CPU      0.62s WALL (       2 calls)
     chi_invert   :      0.08s CPU      0.08s WALL (       2 calls)
     alphapa      :      2.12s CPU      2.13s WALL (     128 calls)
     glanczos     :    224.80s CPU    235.10s WALL (       1 calls)
     write_over   :      0.00s CPU      0.14s WALL (       7 calls)
     write_gfreq  :      0.65s CPU      4.15s WALL (      49 calls)
     sg_restart   :      0.00s CPU      0.05s WALL (       1 calls)
     solve_qp     :      1.81s CPU      3.74s WALL (       2 calls)
     coll_gw      :      1.51s CPU      3.41s WALL (       2 calls)
     read_over    :      0.06s CPU      0.36s WALL (     112 calls)
     read_gfreq   :      0.60s CPU      2.18s WALL (      49 calls)
     read_hf      :      0.22s CPU      0.25s WALL (       2 calls)
     sigmac_i     :      0.03s CPU      0.03s WALL (       6 calls)
     sigmac_r     :      0.01s CPU      0.01s WALL (       6 calls)
     wfreq_db     :      0.01s CPU      0.01s WALL (       1 calls)
     eri_brak     :     19.99s CPU     22.72s WALL (       1 calls)
     Wp           :      0.00s CPU      0.00s WALL (       1 calls)
     eri_vc_s1s1  :     48.89s CPU     58.19s WALL (       1 calls)
     qdet_db      :      0.15s CPU      0.17s WALL (       2 calls)
 
     WFREQ        :      2h25m CPU      2h31m WALL

 
   This run was terminated on:   8:11:28   3Nov2024            

=------------------------------------------------------------------------------=
   JOB DONE.
=------------------------------------------------------------------------------=
