
     Program WSTAT v. 6.0.0 git rev. v6.0.0 starts on 30Oct2024 at 22:26: 6 

     This program is part of the open-source West suite
     for massively parallel calculations of excited states in materials; please cite
         "M. Govoni et al., J. Chem. Theory Comput. 11, 2680 (2015);
          URL https://west-code.org",
     in publications or presentations arising from this work.

     Based on the Quantum ESPRESSO v. 7.3

     I/O is Little Endian
 
     --------------------------------------------------------------------------------------------
     **MPI** Parallelization Status
     --------------------------------------------------------------------------------------------
                    64                  32             1             1             2
     --------------------------------------------------------------------------------------------
                     N         =         I      X      P      X      B      X      Z
                     ^                   ^             ^             ^             ^
                     |                   |             |             |             |
                   #rnk                  |             |             |             |
                                      #image           |             |             |
                                                     #pool           |             |
                                                                   #bgrp           |
                                                                                 #R&G
     --------------------------------------------------------------------------------------------
     #prc =           64
     --------------------------------------------------------------------------------------------

     --------------------------------------------------------------------------------------------
     I/O Summary : input_west
     --------------------------------------------------------------------------------------------
     qe_prefix : pwscf
     west_prefix : west
     outdir : ./
     --------------------------------------------------------------------------------------------

     Reading xml data from directory:

     ./pwscf.save/

     IMPORTANT: XC functional enforced from input :
     Exchange-correlation= PBE
                           (   1   4   3   4   0   0   0)
     Any further DFT definition will be discarded
     Please, verify this is what you really want

 
     Parallelization info
     --------------------
     sticks:   dense  smooth     PW     G-vecs:    dense   smooth      PW
     Min        3760    3760    941              1081084  1081084  135163
     Max        3763    3763    944              1081093  1081093  135168
     Sum        7523    7523   1885              2162177  2162177  270331
 
     Using Slab Decomposition
 
     Message from routine read_rhog:
     Conversion: K charge Gamma charge

     --------------------------------------------------------------------------------------------
     I/O Summary : wstat_control
     --------------------------------------------------------------------------------------------
     wstat_calculation : S
     n_pdep_eigen : 64
     n_pdep_times : 4
     n_pdep_maxiter : 100
     n_dfpt_maxiter : 250
     n_pdep_read_from_file : 0
     n_steps_write_restart : 1
     trev_pdep : 0.001
     trev_pdep_rel : 0.1
     tr2_dfpt : 1e-12
     l_kinetic_only : False
     l_minimize_exx_if_active : False
     n_exx_lowrank : 350
     l_use_ecutrho : False
     qlist : [1]
     --------------------------------------------------------------------------------------------

     --------------------------------------------------------------------------------------------
     I/O Summary : server_control
     --------------------------------------------------------------------------------------------
     document : {}
     --------------------------------------------------------------------------------------------
 
     --------------------------------------------------------------------------------------------
     System Overview
     --------------------------------------------------------------------------------------------
     gamma_only           =              T
     ecutwfc [Ry]         =      90.000000
     ecutrho [Ry]         =     360.000000
     omega [au^3]         =   1.874191E+04
     nbnd                 =            350
     nkstot               =              1
     nspin                =              1
     nelec                =     496.000000
     npol                 =              1
     lsda                 =              F
     noncolin             =              F
     lspinorb             =              F
     --------------------------------------------------------------------------------------------

     3DFFT grid
        s : (  96, 108, 432)
        p : (  96, 108, 432)

     Direct Lattice Cell [a.u.]
        a1 = (    15.0542197     0.0000000     0.0000000)
        a2 = (     0.0000000    17.4101980     0.0000000)
        a3 = (     0.0000000     0.0000000    71.5075437)

     Reciprocal Lattice Cell [a.u.]
        b1 = (     0.4173704     0.0000000     0.0000000)
        b2 = (     0.0000000     0.3608911     0.0000000)
        b3 = (     0.0000000     0.0000000     0.0878674)
 

     Brillouin Zone sampling [cryst. coord.]
 
        k(000001) = (     0.0000000     0.0000000     0.0000000)
 
     --------------------------------------------------------------------------------------------
     Parallelization for nvecx
     --------------------------------------------------------------------------------------------
     nglob                =            256
     nlevel               =             32
     Min nglob/nlevel     =              8
     Max nglob/nlevel     =              8
     --------------------------------------------------------------------------------------------

     [MEM] ----------------------------------------------------------
     [MEM] **Memory** analysis: QE
     [MEM] ----------------------------------------------------------
     [MEM] Allocated arrays           est. size (Mb)     dimensions
     [MEM] ----------------------------------------------------------
     [MEM] Kohn-Sham Wavefunctions     360.93 Mb     (  67582,  350)
     [MEM] NL pseudopotentials         515.61 Mb     (  67582,  500)
     [MEM] Each V/rho on FFT grid       34.17 Mb     (2239488)
     [MEM] Each G-vector array           4.12 Mb     ( 540547)
     [MEM] G-vector shells               1.74 Mb     ( 227588)
     [MEM] ----------------------------------------------------------
     [MEM] Total estimate              916.57 Mb
     [MEM] ----------------------------------------------------------
     [MEM]
     [MEM] ----------------------------------------------------------
     [MEM] **Memory** analysis: WSTAT global
     [MEM] ----------------------------------------------------------
     [MEM] Allocated arrays           est. size (Mb)     dimensions
     [MEM] ----------------------------------------------------------
     [MEM] dvg                           8.25 Mb     (  67582,    8)
     [MEM] dng                           8.25 Mb     (  67582,    8)
     [MEM] hr_distr                      0.02 Mb     (    256,    8)
     [MEM] vr_distr                      0.02 Mb     (    256,    8)
     [MEM] ----------------------------------------------------------
     [MEM] Total estimate               16.53 Mb
     [MEM] ----------------------------------------------------------
     [MEM]
     [MEM] ----------------------------------------------------------
     [MEM] **Memory** analysis: WSTAT temporary
     [MEM] ----------------------------------------------------------
     [MEM] Allocated arrays           est. size (Mb)     dimensions
     [MEM] ----------------------------------------------------------
     [MEM] dvpsi                       261.93 Mb     (  67582,  254)
     [MEM] dpsi                        261.93 Mb     (  67582,  254)
     [MEM] Sternheimer workspace      1047.72 Mb     (  67582, 1016)
     [MEM] ----------------------------------------------------------
     [MEM] Total estimate             1571.58 Mb
     [MEM] ----------------------------------------------------------
 
     Divergence =   1.453538E-01

                       *----------*              *----------*               *----------*
     #     Iteration = | starting |   DFPT_dim = |       64 |   Diago_dim = |       64 |  x 1/2
                       *----------*              *----------*               *----------*
 
     --------------------------------------------------------------------------------------------
     Sternheimer eq. solver... with lite-solver
     --------------------------------------------------------------------------------------------
     in progress... |##########          | 050% :               39.8s (E)           01m-19.6s (X)
     in progress... |####################| 100% :           01m-18.5s (E)           01m-18.5s (X)
     --------------------------------------------------------------------------------------------

     [I/O] -------------------------------------------------------
     [I/O] RESTART written in < 00.1s
     [I/O] In location   : ./west.wstat.restart
     [I/O] -------------------------------------------------------

                       *----------*              *----------*               *----------*
     #     Iteration = | starting |   DFPT_dim = |       64 |   Diago_dim = |       64 |  x 2/2
                       *----------*              *----------*               *----------*
 
     --------------------------------------------------------------------------------------------
     Sternheimer eq. solver... with threshold =   1.000000E-06
     --------------------------------------------------------------------------------------------
       ** WARNING : PERT        1 iks        1 not converged, ierr =        4
     in progress... |##########          | 050% :           21m-03.0s (E)           42m-06.1s (X)
       ** WARNING : PERT        2 iks        1 not converged, ierr =        4
     in progress... |####################| 100% :           42m-11.5s (E)           42m-11.5s (X)
     --------------------------------------------------------------------------------------------
     s-DIAGOX done in < 00.1s with LAPACK
     --------------------------------------------------------------------------------------------
 
      -38.05668 -11.70413 -10.21453  -9.33051  -7.19637  -6.15802  -6.04513  -5.62043  -4.70308
       -4.54218  -4.24114  -4.00639  -3.85713  -3.61592  -3.59562  -3.39393  -3.13795  -2.98875
       -2.85453  -2.72286  -2.51502  -2.44930  -2.42260  -2.31867  -2.29058  -2.24111  -2.19877
       -2.13312  -2.04925  -1.96591  -1.79056  -1.72778  -1.72161  -1.66547  -1.60219  -1.55993
       -1.54745  -1.50293  -1.47706  -1.45127  -1.41319  -1.39414  -1.35522  -1.28984  -1.28072
       -1.25502  -1.24759  -1.22418  -1.20252  -1.18584  -1.17988  -1.12087  -1.09688  -1.04462
       -1.02924  -0.99767  -0.97176  -0.96309  -0.91562  -0.90365  -0.89422  -0.87263  -0.83951
       -0.77849
 
     --------------------------------------------------------------------------------------------
     Tot. elapsed time 43m-56.7s,  time spent in last iteration 43m-56.7s
     --------------------------------------------------------------------------------------------

     [I/O] -------------------------------------------------------
     [I/O] RESTART written in < 00.1s
     [I/O] In location   : ./west.wstat.restart
     [I/O] -------------------------------------------------------

                       *----------*              *----------*               *----------*
     #     Iteration = |        1 |   DFPT_dim = |       64 |   Diago_dim = |      128 |
                       *----------*              *----------*               *----------*
 
     --------------------------------------------------------------------------------------------
     Sternheimer eq. solver... with threshold =   1.000000E-12
     --------------------------------------------------------------------------------------------
       ** WARNING : PERT        1 iks        1 not converged, ierr =       12
     in progress... |##########          | 050% :           33m-41.0s (E)       01h-07m-22.0s (X)
       ** WARNING : PERT        2 iks        1 not converged, ierr =       13
     in progress... |####################| 100% :       01h-07m-34.2s (E)       01h-07m-34.2s (X)
     --------------------------------------------------------------------------------------------
     s-DIAGOX done in 00.1s with LAPACK
     --------------------------------------------------------------------------------------------
 
      -38.18550 -11.85374 -10.47378  -9.72617  -8.00905  -6.91866  -6.84878  -6.20391  -6.02966
       -5.94578  -5.02986  -5.02501  -4.91673  -4.61784  -4.57002  -4.51166  -4.34950  -4.26823
       -4.15172  -3.79454  -3.74191  -3.62138  -3.50759  -3.49223  -3.31457  -3.19669  -2.98457
       -2.95110  -2.90773  -2.87181  -2.83496  -2.76940  -2.72520  -2.71702  -2.63727  -2.53592
       -2.45703  -2.24669  -2.20544  -2.17185  -2.13597  -2.03344  -1.99903  -1.98669  -1.96912
       -1.95023  -1.92808  -1.88307  -1.84440  -1.81238  -1.78890  -1.74443  -1.73598  -1.65936
       -1.60205  -1.59837  -1.55168  -1.53095  -1.49892  -1.47568  -1.39588  -1.36717  -1.30101
       -1.25826
 
     --------------------------------------------------------------------------------------------
     Tot. elapsed time 01h-52m-19.7s,  time spent in last iteration 01h-08m-21.8s
     --------------------------------------------------------------------------------------------

     [I/O] -------------------------------------------------------
     [I/O] RESTART written in < 00.1s
     [I/O] In location   : ./west.wstat.restart
     [I/O] -------------------------------------------------------

                       *----------*              *----------*               *----------*
     #     Iteration = |        2 |   DFPT_dim = |       64 |   Diago_dim = |      192 |
                       *----------*              *----------*               *----------*
 
     --------------------------------------------------------------------------------------------
     Sternheimer eq. solver... with threshold =   1.000000E-12
     --------------------------------------------------------------------------------------------
       ** WARNING : PERT        1 iks        1 not converged, ierr =       12
     in progress... |##########          | 050% :           33m-41.7s (E)       01h-07m-23.5s (X)
       ** WARNING : PERT        2 iks        1 not converged, ierr =       13
     in progress... |####################| 100% :       01h-07m-09.4s (E)       01h-07m-09.4s (X)
     --------------------------------------------------------------------------------------------
     s-DIAGOX done in 00.1s with LAPACK
     --------------------------------------------------------------------------------------------
 
      -38.18552 -11.85437 -10.47707  -9.73086  -8.01903  -6.93834  -6.88030  -6.21614  -6.12060
       -5.99850  -5.08459  -5.05503  -4.99949  -4.82026  -4.73399  -4.61079  -4.45335  -4.34653
       -4.24487  -4.08135  -3.79159  -3.77897  -3.61054  -3.56226  -3.41350  -3.28868  -3.07251
       -3.01879  -2.98259  -2.96624  -2.94072  -2.93049  -2.92340  -2.82130  -2.80210  -2.79235
       -2.65428  -2.55896  -2.52711  -2.40574  -2.38759  -2.34370  -2.33818  -2.24579  -2.18729
       -2.17453  -2.14508  -2.10865  -2.04214  -2.03283  -1.99262  -1.98395  -1.95775  -1.92087
       -1.90243  -1.89684  -1.77960  -1.76105  -1.74169  -1.71859  -1.67696  -1.64413  -1.60442
       -1.57285
 
     --------------------------------------------------------------------------------------------
     Tot. elapsed time 03h-00m-19.8s,  time spent in last iteration 01h-07m-58.0s
     --------------------------------------------------------------------------------------------

     [I/O] -------------------------------------------------------
     [I/O] RESTART written in < 00.1s
     [I/O] In location   : ./west.wstat.restart
     [I/O] -------------------------------------------------------

                       *----------*              *----------*               *----------*
     #     Iteration = |        3 |   DFPT_dim = |       62 |   Diago_dim = |      254 |
                       *----------*              *----------*               *----------*
 
     --------------------------------------------------------------------------------------------
     Sternheimer eq. solver... with threshold =   1.000000E-12
     --------------------------------------------------------------------------------------------
       ** WARNING : PERT        1 iks        1 not converged, ierr =       12
     in progress... |##########          | 050% :           33m-27.2s (E)       01h-06m-54.4s (X)
       ** WARNING : PERT        2 iks        1 not converged, ierr =       13
     in progress... |####################| 100% :       01h-06m-57.9s (E)       01h-06m-57.9s (X)
     --------------------------------------------------------------------------------------------
     s-DIAGOX done in < 00.1s with LAPACK
     --------------------------------------------------------------------------------------------
 
      -38.18552 -11.85437 -10.47707  -9.73086  -8.01906  -6.93840  -6.88041  -6.21620  -6.12099
       -5.99887  -5.08497  -5.05533  -5.00004  -4.82244  -4.73619  -4.61116  -4.45404  -4.34713
       -4.24569  -4.08509  -3.79462  -3.77990  -3.61214  -3.56375  -3.41580  -3.29060  -3.07645
       -3.02045  -2.98897  -2.96841  -2.94642  -2.94400  -2.92841  -2.82777  -2.80623  -2.80060
       -2.66519  -2.58502  -2.58437  -2.44654  -2.43766  -2.35766  -2.35053  -2.28003  -2.27610
       -2.18804  -2.16276  -2.12862  -2.12045  -2.11485  -2.05350  -2.00943  -1.99725  -1.97278
       -1.91768  -1.91274  -1.90701  -1.79183  -1.76666  -1.74117  -1.73703  -1.68223  -1.63454
       -1.62623
 
     --------------------------------------------------------------------------------------------
     Tot. elapsed time 04h-07m-49.3s,  time spent in last iteration 01h-07m-27.1s
     --------------------------------------------------------------------------------------------

       Refresh the basis set

     [I/O] -------------------------------------------------------
     [I/O] RESTART written in < 00.1s
     [I/O] In location   : ./west.wstat.restart
     [I/O] -------------------------------------------------------

                       *----------*              *----------*               *----------*
     #     Iteration = |        4 |   DFPT_dim = |       46 |   Diago_dim = |      110 |
                       *----------*              *----------*               *----------*
 
     --------------------------------------------------------------------------------------------
     Sternheimer eq. solver... with threshold =   1.000000E-12
     --------------------------------------------------------------------------------------------
       ** WARNING : PERT        1 iks        1 not converged, ierr =       12
     in progress... |##########          | 050% :           33m-32.8s (E)       01h-07m-05.6s (X)
       ** WARNING : PERT        2 iks        1 not converged, ierr =       12
     in progress... |####################| 100% :       01h-06m-51.8s (E)       01h-06m-51.8s (X)
     --------------------------------------------------------------------------------------------
     s-DIAGOX done in < 00.1s with LAPACK
     --------------------------------------------------------------------------------------------
 
      -38.18552 -11.85437 -10.47707  -9.73086  -8.01906  -6.93840  -6.88041  -6.21620  -6.12099
       -5.99888  -5.08497  -5.05533  -5.00004  -4.82245  -4.73620  -4.61116  -4.45404  -4.34713
       -4.24570  -4.08512  -3.79464  -3.77991  -3.61216  -3.56376  -3.41583  -3.29063  -3.07651
       -3.02048  -2.98906  -2.96844  -2.94668  -2.94409  -2.92849  -2.82787  -2.80631  -2.80076
       -2.66543  -2.58631  -2.58495  -2.44790  -2.43988  -2.35802  -2.35085  -2.28158  -2.27971
       -2.18852  -2.16331  -2.13155  -2.13120  -2.11656  -2.05392  -2.01037  -1.99909  -1.97352
       -1.91909  -1.91356  -1.90845  -1.79381  -1.76765  -1.74292  -1.73980  -1.68493  -1.63917
       -1.62814
 
     --------------------------------------------------------------------------------------------
     Tot. elapsed time 05h-15m-01.8s,  time spent in last iteration 01h-07m-09.8s
     --------------------------------------------------------------------------------------------

     [I/O] -------------------------------------------------------
     [I/O] RESTART written in < 00.1s
     [I/O] In location   : ./west.wstat.restart
     [I/O] -------------------------------------------------------

                       *----------*              *----------*               *----------*
     #     Iteration = |        5 |   DFPT_dim = |       17 |   Diago_dim = |      127 |
                       *----------*              *----------*               *----------*
 
     --------------------------------------------------------------------------------------------
     Sternheimer eq. solver... with threshold =   1.000000E-12
     --------------------------------------------------------------------------------------------
     in progress... |####################| 100% :               00.3s (E)               00.3s (X)
     --------------------------------------------------------------------------------------------
     s-DIAGOX done in 00.1s with LAPACK
     --------------------------------------------------------------------------------------------
 
      -38.18552 -11.85437 -10.47707  -9.73086  -8.01906  -6.93840  -6.88041  -6.21620  -6.12099
       -5.99888  -5.08497  -5.05533  -5.00004  -4.82245  -4.73620  -4.61116  -4.45404  -4.34713
       -4.24570  -4.08512  -3.79464  -3.77991  -3.61216  -3.56377  -3.41583  -3.29063  -3.07651
       -3.02048  -2.98906  -2.96844  -2.94669  -2.94410  -2.92849  -2.82787  -2.80631  -2.80077
       -2.66543  -2.58635  -2.58496  -2.44796  -2.43998  -2.35804  -2.35086  -2.28170  -2.27988
       -2.18854  -2.16333  -2.13224  -2.13137  -2.11659  -2.05394  -2.01046  -1.99920  -1.97357
       -1.91922  -1.91362  -1.90857  -1.79397  -1.76774  -1.74314  -1.74008  -1.68530  -1.63977
       -1.62843
 
     --------------------------------------------------------------------------------------------
     Tot. elapsed time 05h-48m-45.9s,  time spent in last iteration 33m-41.7s
     --------------------------------------------------------------------------------------------
 
     --------------------------------------------------------------------------------------------
     SAVE written in < 00.1s
     In location : ./west.wstat.save
     --------------------------------------------------------------------------------------------
 
     --------------------------------------------------------------------------------------------
     Convergence achieved !!! in        5 steps
     --------------------------------------------------------------------------------------------
     WSTAT        :      5h32m CPU      5h48m WALL

     west_readin  :      2.31s CPU      4.16s WALL (       1 calls)
     fetch_input  :      0.27s CPU      0.28s WALL (       2 calls)
     fft          :      0.92s CPU      1.03s WALL (       9 calls)
     fft_scatter  :   2658.06s CPU   3229.26s WALL (  226607 calls)
     init_vloc    :      0.07s CPU      0.08s WALL (       2 calls)
     init_us_1    :      0.02s CPU      0.02s WALL (       2 calls)
     v_of_rho     :      1.15s CPU      1.35s WALL (       1 calls)
     v_xc         :      1.02s CPU      1.18s WALL (       1 calls)
     v_h          :      0.14s CPU      0.17s WALL (       1 calls)
     do_setup     :      1.87s CPU      5.91s WALL (       1 calls)
     init_pw_ar   :      1.87s CPU      5.91s WALL (       1 calls)
     hinit0       :      0.45s CPU      0.47s WALL (       1 calls)
     chidiago     :  19923.34s CPU  20928.97s WALL (       1 calls)
     sqvc_init    :      0.00s CPU      0.00s WALL (       1 calls)
     randomize    :      0.03s CPU      0.03s WALL (       1 calls)
     paramgs      :      2.32s CPU      2.35s WALL (       7 calls)
     dfpt         :  17731.35s CPU  18723.90s WALL (       7 calls)
     init_us_2    :      1.72s CPU      1.97s WALL (       7 calls)
     init_us_2:cp :      1.72s CPU      1.97s WALL (       7 calls)
     fftw         :   8114.70s CPU   9094.22s WALL (  226598 calls)
     alphapc      :     20.27s CPU     20.28s WALL (      12 calls)
     wstat_restar :      1.53s CPU      9.00s WALL (       6 calls)
     pdep_write   :      0.04s CPU      6.72s WALL (      42 calls)
     linstern     :  17344.25s CPU  18311.95s WALL (      10 calls)
     stern        :  16557.38s CPU  17521.47s WALL (    2510 calls)
     h_psi        :  14190.57s CPU  15153.58s WALL (    2510 calls)
     h_psi:pot    :  14115.37s CPU  15078.31s WALL (    2510 calls)
     vloc_psi     :  10223.95s CPU  11184.84s WALL (    2510 calls)
     h_psi:calbec :   1920.31s CPU   1921.66s WALL (    2510 calls)
     calbec       :   1920.28s CPU   1921.64s WALL (    2510 calls)
     add_vuspsi   :   1971.05s CPU   1971.78s WALL (    2510 calls)
     alphapv      :   2311.83s CPU   2312.86s WALL (    2510 calls)
     build_hr     :   2183.61s CPU   2184.00s WALL (       6 calls)
     diagox       :      0.56s CPU      0.56s WALL (       6 calls)
     redistr_vr   :      0.00s CPU      0.00s WALL (       5 calls)
     update_vr    :      2.72s CPU      4.02s WALL (       5 calls)
     chidiago:las :      0.56s CPU      0.83s WALL (       2 calls)
     refresh_vr   :      0.71s CPU      1.08s WALL (       3 calls)
     pdep_db      :      0.00s CPU      0.09s WALL (       1 calls)
 
     WSTAT        :      5h32m CPU      5h48m WALL

 
   This run was terminated on:   4:15: 5  31Oct2024            

=------------------------------------------------------------------------------=
   JOB DONE.
=------------------------------------------------------------------------------=
